<?xml version="1.0" encoding="UTF-8"?>
<testng-results skipped="0" failed="0" ignored="0" total="1" passed="1">
  <reporter-output>
  </reporter-output>
  <suite name="Default suite" duration-ms="37129" started-at="2018-09-26T12:22:30Z" finished-at="2018-09-26T12:23:08Z">
    <groups>
    </groups>
    <test name="Default test" duration-ms="37129" started-at="2018-09-26T12:22:30Z" finished-at="2018-09-26T12:23:08Z">
      <class name="frameworkint.actionsloginlogout">
        <test-method status="PASS" signature="preconditions()[pri:0, instance:frameworkint.actionsloginlogout@fad74ee]" name="preconditions" is-config="true" duration-ms="11421" started-at="2018-09-26T12:22:30Z" finished-at="2018-09-26T12:22:42Z">
          <reporter-output>
          </reporter-output>
        </test-method> <!-- preconditions -->
        <test-method status="PASS" signature="testloginlogout()[pri:0, instance:frameworkint.actionsloginlogout@fad74ee]" name="testloginlogout" duration-ms="23858" started-at="2018-09-26T12:22:42Z" finished-at="2018-09-26T12:23:06Z">
          <reporter-output>
          </reporter-output>
        </test-method> <!-- testloginlogout -->
        <test-method status="PASS" signature="postcondition()[pri:0, instance:frameworkint.actionsloginlogout@fad74ee]" name="postcondition" is-config="true" duration-ms="1827" started-at="2018-09-26T12:23:06Z" finished-at="2018-09-26T12:23:08Z">
          <reporter-output>
          </reporter-output>
        </test-method> <!-- postcondition -->
      </class> <!-- frameworkint.actionsloginlogout -->
    </test> <!-- Default test -->
  </suite> <!-- Default suite -->
</testng-results>
